Arguments: 
  /usr/local/bin/node /usr/local/bin/yarn add bable-preset-mobx

PATH: 
  /usr/local/sbin:/usr/local/bin:/usr/sbin:/usr/bin:/sbin:/bin:/usr/games:/usr/local/games:/snap/bin

Yarn version: 
  1.22.10

Node version: 
  14.15.4

Platform: 
  linux x64

Trace: 
  Error: https://registry.yarnpkg.com/bable-preset-mobx: Not found
      at Request.params.callback [as _callback] (/usr/local/lib/node_modules/yarn/lib/cli.js:66988:18)
      at Request.self.callback (/usr/local/lib/node_modules/yarn/lib/cli.js:140662:22)
      at Request.emit (events.js:315:20)
      at Request.<anonymous> (/usr/local/lib/node_modules/yarn/lib/cli.js:141634:10)
      at Request.emit (events.js:315:20)
      at IncomingMessage.<anonymous> (/usr/local/lib/node_modules/yarn/lib/cli.js:141556:12)
      at Object.onceWrapper (events.js:421:28)
      at IncomingMessage.emit (events.js:327:22)
      at endReadableNT (internal/streams/readable.js:1327:12)
      at processTicksAndRejections (internal/process/task_queues.js:80:21)

npm manifest: 
  {
    "name": "0202",
    "version": "1.0.0",
    "description": "",
    "main": "index.js",
    "scripts": {
      "start": "webpack-dev-server --mode development",
      "build": "webpack --mode development"
    },
    "keywords": [],
    "author": "",
    "license": "ISC",
    "devDependencies": {
      "@babel/core": "^7.12.13",
      "@babel/preset-env": "^7.12.13",
      "@babel/preset-react": "^7.12.13",
      "@types/react": "^16.9.2",
      "@types/react-dom": "^16.9.0",
      "babel-loader": "^8.2.2",
      "css-loader": "^5.0.1",
      "html-webpack-plugin": "^3.2.0",
      "react": "^16.9.0",
      "react-dom": "^16.9.0",
      "source-map-loader": "^0.2.4",
      "style-loader": "^2.0.0",
      "ts-loader": "^6.0.4",
      "typescript": "^3.6.2",
      "webpack": "^4.30.0",
      "webpack-cli": "^3.3.1",
      "webpack-dev-server": "^3.3.1"
    }
  }

yarn manifest: 
  No manifest

Lockfile: 
  No lockfile
